<?xml version="1.0" encoding="UTF-8"?>
<testng-results ignored="6" total="7" passed="1" failed="0" skipped="0">
  <reporter-output>
  </reporter-output>
  <suite started-at="2024-04-28T10:36:07 ICT" name="Surefire suite" finished-at="2024-04-28T10:36:29 ICT" duration-ms="22133">
    <groups>
    </groups>
    <test started-at="2024-04-28T10:36:07 ICT" name="Surefire test" finished-at="2024-04-28T10:36:29 ICT" duration-ms="22133">
      <class name="dinhthe.testcases.LoginTest">
        <test-method is-config="true" signature="createDriver(java.lang.String)[pri:0, instance:dinhthe.testcases.LoginTest@5e742e4]" started-at="2024-04-28T10:36:09 ICT" name="createDriver" finished-at="2024-04-28T10:36:16 ICT" duration-ms="6875" status="PASS">
          <params>
            <param index="0">
              <value>
                <![CDATA[chrome]]>
              </value>
            </param>
          </params>
          <reporter-output>
          </reporter-output>
        </test-method> <!-- createDriver -->
        <test-method signature="testLoginSuccess()[pri:2, instance:dinhthe.testcases.LoginTest@5e742e4]" started-at="2024-04-28T10:36:16 ICT" name="testLoginSuccess" description="TC_002: Test login with correct account" finished-at="2024-04-28T10:36:29 ICT" duration-ms="12258" status="PASS">
          <reporter-output>
          </reporter-output>
        </test-method> <!-- testLoginSuccess -->
        <test-method is-config="true" signature="closeDriver()[pri:0, instance:dinhthe.testcases.LoginTest@5e742e4]" started-at="2024-04-28T10:36:29 ICT" name="closeDriver" finished-at="2024-04-28T10:36:29 ICT" duration-ms="282" status="PASS">
          <reporter-output>
          </reporter-output>
        </test-method> <!-- closeDriver -->
      </class> <!-- dinhthe.testcases.LoginTest -->
    </test> <!-- Surefire test -->
  </suite> <!-- Surefire suite -->
</testng-results>
